Base path: C:/Program Files/Unity/Editor/Data
Pipe name: \\.\pipe\UnityShaderCompiler-64bit-1-20708
Cmd: getPlatforms
Cmd: preprocess
  insize=5641 outsize=1268 ok=1
Cmd: compileSnippet
  api=4 type=0 insize=4677 outsize=2452 kw= pd= ok=1
Cmd: compileSnippet
  api=4 type=1 insize=4677 outsize=859 kw= pd= ok=1
Cmd: preprocess
  insize=1251 outsize=578 ok=1
Cmd: compileSnippet
  api=4 type=0 insize=975 outsize=778 kw= pd= ok=1
Cmd: compileSnippet
  api=4 type=1 insize=975 outsize=453 kw= pd= ok=1
Cmd: preprocess
  insize=429 outsize=1119 ok=1
Cmd: compileSnippet
  api=4 type=0 insize=6963 outsize=3589 kw=DIRECTIONAL SHADOWS_OFF LIGHTMAP_OFF DIRLIGHTMAP_OFF DYNAMICLIGHTMAP_OFF pd= ok=1
Cmd: compileSnippet
  api=4 type=1 insize=6963 outsize=3321 kw=DIRECTIONAL SHADOWS_OFF LIGHTMAP_OFF DIRLIGHTMAP_OFF DYNAMICLIGHTMAP_OFF pd= ok=1
Cmd: compileSnippet
  api=4 type=0 insize=3709 outsize=2679 kw=POINT pd= ok=1
Cmd: compileSnippet
  api=4 type=1 insize=3709 outsize=2858 kw=POINT pd= ok=1
Cmd: compileSnippet
  api=4 type=0 insize=6080 outsize=3728 kw=LIGHTMAP_OFF DIRLIGHTMAP_OFF DYNAMICLIGHTMAP_OFF HDR_LIGHT_PREPASS_OFF pd= ok=1
Cmd: compileSnippet
  api=4 type=1 insize=6080 outsize=1550 kw=LIGHTMAP_OFF DIRLIGHTMAP_OFF DYNAMICLIGHTMAP_OFF HDR_LIGHT_PREPASS_OFF pd= ok=1
Cmd: compileSnippet
  api=4 type=0 insize=3023 outsize=2411 kw= pd= ok=1
Cmd: compileSnippet
  api=4 type=1 insize=3023 outsize=1128 kw= pd= ok=1
Cmd: preprocess
  insize=2512 outsize=584 ok=1
Cmd: compileSnippet
  api=4 type=0 insize=2228 outsize=1258 kw= pd= ok=1
Cmd: compileSnippet
  api=4 type=1 insize=2228 outsize=900 kw= pd= ok=1
Cmd: preprocess
  insize=3535 outsize=1008 ok=1
Cmd: compileSnippet
  api=4 type=0 insize=2830 outsize=3110 kw= pd= ok=1
Cmd: compileSnippet
  api=4 type=1 insize=2830 outsize=1485 kw= pd= ok=1
Cmd: preprocess
  insize=2035 outsize=635 ok=1
Cmd: compileSnippet
  api=4 type=0 insize=1702 outsize=2501 kw= pd= ok=1
Cmd: compileSnippet
  api=4 type=1 insize=1702 outsize=843 kw= pd= ok=1
Cmd: preprocess
  insize=1805 outsize=600 ok=1
Cmd: compileSnippet
  api=4 type=0 insize=1507 outsize=2493 kw= pd= ok=1
Cmd: compileSnippet
  api=4 type=1 insize=1507 outsize=851 kw= pd= ok=1
Cmd: preprocess
  insize=1189 outsize=455 ok=1
Cmd: compileSnippet
  api=4 type=0 insize=1036 outsize=1266 kw= pd= ok=1
Cmd: compileSnippet
  api=4 type=1 insize=1036 outsize=851 kw= pd= ok=1
Cmd: preprocess
  insize=1153 outsize=499 ok=1
Cmd: compileSnippet
  api=4 type=0 insize=956 outsize=1266 kw= pd= ok=1
Cmd: compileSnippet
  api=4 type=1 insize=956 outsize=851 kw= pd= ok=1
Cmd: preprocess
  insize=7190 outsize=826 ok=1
Cmd: compileSnippet
  api=4 type=0 insize=6664 outsize=1745 kw= pd= ok=1
Cmd: compileSnippet
  api=4 type=1 insize=6664 outsize=1355 kw= pd= ok=1
Cmd: preprocess
  insize=770 outsize=386 ok=1
Cmd: compileSnippet
  api=4 type=0 insize=683 outsize=778 kw= pd= ok=1
Cmd: compileSnippet
  api=4 type=1 insize=683 outsize=453 kw= pd= ok=1
Cmd: preprocess
  insize=4720 outsize=998 ok=1
Cmd: compileSnippet
  api=4 type=0 insize=4026 outsize=2322 kw= pd= ok=1
Cmd: compileSnippet
  api=4 type=1 insize=4026 outsize=851 kw= pd= ok=1
Cmd: preprocess
  insize=4016 outsize=1006 ok=1
Cmd: compileSnippet
  api=4 type=0 insize=3314 outsize=1144 kw= pd= ok=1
Cmd: compileSnippet
  api=4 type=1 insize=3314 outsize=941 kw= pd= ok=1
Cmd: preprocess
  insize=3626 outsize=1166 ok=1
Cmd: compileSnippet
  error: 1 plat 4 at (79): Output value 'o' is not completely initialized\nCompiling Vertex program
  api=4 type=0 insize=2764 outsize=2265 kw= pd= ok=1
Cmd: compileSnippet
  api=4 type=1 insize=2764 outsize=1249 kw= pd= ok=1
Cmd: preprocess
  insize=1026 outsize=286 ok=1
Cmd: compileSnippet
  api=4 type=0 insize=1039 outsize=1193 kw= pd= ok=1
Cmd: compileSnippet
  api=4 type=1 insize=1039 outsize=851 kw= pd= ok=1
Cmd: preprocess
  insize=2433 outsize=724 ok=1
Cmd: compileSnippet
  api=4 type=0 insize=2011 outsize=2566 kw= pd= ok=1
Cmd: compileSnippet
  api=4 type=1 insize=2011 outsize=843 kw= pd= ok=1
Cmd: preprocess
  insize=1024 outsize=471 ok=1
Cmd: compileSnippet
  api=4 type=0 insize=852 outsize=1006 kw= pd= ok=1
Cmd: compileSnippet
  api=4 type=1 insize=852 outsize=729 kw= pd= ok=1
Cmd: preprocess
  insize=5820 outsize=1336 ok=1
Cmd: compileSnippet
  api=4 type=0 insize=4788 outsize=2517 kw= pd= ok=1
Cmd: compileSnippet
  api=4 type=1 insize=4788 outsize=859 kw= pd= ok=1
Cmd: preprocess
  insize=1169 outsize=514 ok=1
Cmd: compileSnippet
  api=4 type=0 insize=956 outsize=1266 kw= pd= ok=1
Cmd: compileSnippet
  api=4 type=1 insize=956 outsize=851 kw= pd= ok=1
Cmd: preprocess
  insize=4194 outsize=1019 ok=1
Cmd: compileSnippet
  api=4 type=0 insize=3479 outsize=1258 kw= pd= ok=1
Cmd: compileSnippet
  api=4 type=1 insize=3479 outsize=1436 kw= pd= ok=1
Cmd: preprocess
  insize=5466 outsize=1178 ok=1
Cmd: compileSnippet
  api=4 type=0 insize=4592 outsize=2655 kw= pd= ok=1
Cmd: compileSnippet
  api=4 type=1 insize=4592 outsize=1201 kw= pd= ok=1
Cmd: preprocess
  insize=1593 outsize=604 ok=1
Cmd: compileSnippet
  api=4 type=0 insize=1290 outsize=1314 kw= pd= ok=1
Cmd: compileSnippet
  api=4 type=1 insize=1290 outsize=1193 kw= pd= ok=1
Cmd: preprocess
  insize=4446 outsize=1020 ok=1
Cmd: compileSnippet
  api=4 type=0 insize=3727 outsize=2671 kw= pd= ok=1
Cmd: compileSnippet
  api=4 type=1 insize=3727 outsize=1054 kw= pd= ok=1
Cmd: compileSnippet
  api=4 type=0 insize=990 outsize=1087 kw= pd= ok=1
Cmd: compileSnippet
  api=4 type=1 insize=990 outsize=713 kw= pd= ok=1
Cmd: compileSnippet
  api=4 type=0 insize=3709 outsize=2679 kw=DIRECTIONAL pd= ok=1
Cmd: compileSnippet
  api=4 type=1 insize=3709 outsize=2111 kw=DIRECTIONAL pd= ok=1
Cmd: compileSnippet
  api=4 type=0 insize=6664 outsize=3744 kw=SGT_D SGT_C SGT_A pd= ok=1
Cmd: compileSnippet
  api=4 type=1 insize=6664 outsize=1355 kw=SGT_D SGT_C SGT_A pd= ok=1
Cmd: compileSnippet
  api=4 type=0 insize=2228 outsize=2241 kw=SGT_B pd= ok=1
Cmd: compileSnippet
  api=4 type=1 insize=2228 outsize=1371 kw=SGT_B pd= ok=1
Cmd: compileSnippet
  api=4 type=0 insize=1702 outsize=2834 kw=SGT_B SGT_A pd= ok=1
Cmd: compileSnippet
  api=4 type=1 insize=1702 outsize=1038 kw=SGT_B SGT_A pd= ok=1
Cmd: compileSnippet
  api=4 type=0 insize=2011 outsize=3143 kw=SGT_B SGT_A pd= ok=1
Cmd: compileSnippet
  api=4 type=1 insize=2011 outsize=1038 kw=SGT_B SGT_A pd= ok=1
Cmd: compileSnippet
  api=4 type=0 insize=6664 outsize=4183 kw=SGT_D SGT_C pd= ok=1
Cmd: compileSnippet
  api=4 type=1 insize=6664 outsize=1355 kw=SGT_D SGT_C pd= ok=1
Cmd: compileSnippet
  api=4 type=0 insize=6664 outsize=5174 kw=SGT_A SHADOW_1 pd= ok=1
Cmd: compileSnippet
  api=4 type=1 insize=6664 outsize=1355 kw=SGT_A SHADOW_1 pd= ok=1
Cmd: compileSnippet
  api=4 type=0 insize=2830 outsize=3110 kw=SGT_C SGT_A pd= ok=1
Cmd: compileSnippet
  api=4 type=1 insize=2830 outsize=2354 kw=SGT_C SGT_A pd= ok=1
Cmd: compileSnippet
  api=4 type=0 insize=6664 outsize=2493 kw=SGT_C SGT_A pd= ok=1
Cmd: compileSnippet
  api=4 type=1 insize=6664 outsize=1355 kw=SGT_C SGT_A pd= ok=1
Cmd: compileSnippet
  api=4 type=0 insize=6664 outsize=1745 kw=SGT_A pd= ok=1
Cmd: compileSnippet
  api=4 type=1 insize=6664 outsize=1355 kw=SGT_A pd= ok=1
Cmd: compileSnippet
  api=4 type=0 insize=6924 outsize=4329 kw=DIRECTIONAL SHADOWS_SCREEN LIGHTMAP_OFF DIRLIGHTMAP_OFF DYNAMICLIGHTMAP_OFF FOG_EXP2 pd= ok=1
Cmd: compileSnippet
  api=4 type=1 insize=6924 outsize=1932 kw=DIRECTIONAL SHADOWS_SCREEN LIGHTMAP_OFF DIRLIGHTMAP_OFF DYNAMICLIGHTMAP_OFF FOG_EXP2 pd= ok=1
Cmd: compileSnippet
  api=4 type=0 insize=3727 outsize=3557 kw=LIGHT_1 pd= ok=1
Cmd: compileSnippet
  api=4 type=1 insize=3727 outsize=1761 kw=LIGHT_1 pd= ok=1
Cmd: compileSnippet
  api=4 type=0 insize=3314 outsize=2021 kw=SGT_A SHADOW_1 LIGHT_1 pd= ok=1
Cmd: compileSnippet
  api=4 type=1 insize=3314 outsize=3378 kw=SGT_A SHADOW_1 LIGHT_1 pd= ok=1
Cmd: compileSnippet
  api=4 type=0 insize=4592 outsize=3289 kw=SGT_D LIGHT_1 SGT_E pd= ok=1
Cmd: compileSnippet
  api=4 type=1 insize=4592 outsize=2696 kw=SGT_D LIGHT_1 SGT_E pd= ok=1
Cmd: compileSnippet
  api=4 type=0 insize=4592 outsize=3825 kw=SGT_D SGT_A LIGHT_1 SGT_E pd= ok=1
Cmd: compileSnippet
  api=4 type=1 insize=4592 outsize=2696 kw=SGT_D SGT_A LIGHT_1 SGT_E pd= ok=1
Cmd: compileSnippet
  api=4 type=0 insize=2228 outsize=2549 kw=SGT_A pd= ok=1
Cmd: compileSnippet
  api=4 type=1 insize=2228 outsize=1030 kw=SGT_A pd= ok=1
Cmd: compileSnippet
  api=4 type=0 insize=3985 outsize=3736 kw=POINT pd= ok=1
Cmd: compileSnippet
  api=4 type=1 insize=3985 outsize=770 kw=POINT pd= ok=1
Cmd: compileSnippet
  api=4 type=0 insize=4592 outsize=4207 kw=SGT_D SGT_A SHADOW_1 LIGHT_1 SGT_E pd= ok=1
Cmd: compileSnippet
  api=4 type=1 insize=4592 outsize=3687 kw=SGT_D SGT_A SHADOW_1 LIGHT_1 SGT_E pd= ok=1
Cmd: compileSnippet
  api=4 type=0 insize=4677 outsize=2785 kw=SGT_B SGT_A pd= ok=1
Cmd: compileSnippet
  api=4 type=1 insize=4677 outsize=1095 kw=SGT_B SGT_A pd= ok=1
Cmd: compileSnippet
  api=4 type=0 insize=4788 outsize=3094 kw=SGT_B SGT_A pd= ok=1
Cmd: compileSnippet
  api=4 type=1 insize=4788 outsize=1095 kw=SGT_B SGT_A pd= ok=1
Cmd: compileSnippet
  api=4 type=0 insize=4677 outsize=2785 kw=SGT_D SGT_C SGT_B SGT_A pd= ok=1
Cmd: compileSnippet
  api=4 type=1 insize=4677 outsize=1095 kw=SGT_D SGT_C SGT_B SGT_A pd= ok=1
Cmd: compileSnippet
  api=4 type=0 insize=4788 outsize=3094 kw=SGT_D SGT_B SGT_A pd= ok=1
Cmd: compileSnippet
  api=4 type=1 insize=4788 outsize=1095 kw=SGT_D SGT_B SGT_A pd= ok=1
Cmd: compileSnippet
  api=4 type=0 insize=4677 outsize=2452 kw=SGT_B pd= ok=1
Cmd: compileSnippet
  api=4 type=1 insize=4677 outsize=1095 kw=SGT_B pd= ok=1
Cmd: compileSnippet
  api=4 type=0 insize=4788 outsize=2517 kw=SGT_B pd= ok=1
Cmd: compileSnippet
  api=4 type=1 insize=4788 outsize=1095 kw=SGT_B pd= ok=1
Cmd: compileSnippet
  api=4 type=0 insize=6664 outsize=1745 kw=SGT_B SGT_A pd= ok=1
Cmd: compileSnippet
  api=4 type=1 insize=6664 outsize=1355 kw=SGT_B SGT_A pd= ok=1
Cmd: compileSnippet
  api=4 type=0 insize=1420 outsize=1379 kw= pd= ok=1
Cmd: compileSnippet
  api=4 type=1 insize=1420 outsize=1704 kw= pd= ok=1
